============================== Mace4 =================================
Mace4 (64) version 2009-11A, November 2009.
Process 32692 was started by root on JLZenbook,
Tue Aug 20 16:02:38 2024
The command was "./mace4/mace4 -n 2 -s 60 -b -1 -N -1 -i 1 -m 1 -t 60 -P 1 -p 0 -f ./temp-input".
============================== end of head ===========================

============================== INPUT =================================

% Reading from file ./temp-input

    % assign(domain_size, 2) -> assign(start_size, 2).
    % assign(domain_size, 2) -> assign(end_size, 2).

% From the command line: assign(domain_size, 2).

% From the command line: assign(max_seconds_per, 60).

% From the command line: assign(max_megs, -1).

% From the command line: assign(end_size, -1).

% From the command line: assign(increment, 1).

% From the command line: assign(max_models, 1).

% From the command line: assign(max_seconds, 60).
    % set(print_models) -> clear(print_models_tabular).

% From the command line: set(print_models).

% From the command line: clear(print_models_tabular).

============================== end of input ==========================

============================== PROCESS NON-CLAUSAL FORMULAS ==========

% Formulas that are not ordinary clauses:

============================== end of process non-clausal formulas ===

============================== CLAUSES FOR SEARCH ====================

formulas(mace4_clauses).
end_of_list.

============================== end of clauses for search =============

% There are no natural numbers in the input.

============================== DOMAIN SIZE 2 =========================

============================== MODEL =================================

interpretation( 2, [number=1, seconds=0], [

]).

============================== end of model ==========================

============================== STATISTICS ============================

For domain size 2.

Current CPU time: 0.00 seconds (total CPU time: 0.00 seconds).
Ground clauses: seen=0, kept=0.
Selections=0, assignments=0, propagations=0, current_models=1.
Rewrite_terms=0, rewrite_bools=0, indexes=0.
Rules_from_neg_clauses=0, cross_offs=0.

============================== end of statistics =====================

User_CPU=0.00, System_CPU=0.00, Wall_clock=0.

Exiting with 1 model.

Process 32692 exit (max_models) Tue Aug 20 16:02:38 2024
The process finished Tue Aug 20 16:02:38 2024
